Watching for file changes with StatReloader
[16/Apr/2026 12:23:50] "GET /api/system/health/ HTTP/1.1" 200 15
[16/Apr/2026 12:24:20] "POST /api/auth/login/ HTTP/1.1" 200 839
[16/Apr/2026 12:26:13] "POST /api/auth/login/ HTTP/1.1" 200 839
[16/Apr/2026 12:26:14] "OPTIONS /api/superadmin/dashboard/stats/ HTTP/1.1" 200 0
[16/Apr/2026 12:26:14] "OPTIONS /api/superadmin/dashboard/activity/?limit=10 HTTP/1.1" 200 0
[16/Apr/2026 12:26:14] "OPTIONS /api/superadmin/dashboard/activity/?limit=10 HTTP/1.1" 200 0
[16/Apr/2026 12:26:15] "GET /api/superadmin/dashboard/activity/?limit=10 HTTP/1.1" 200 2
[16/Apr/2026 12:26:15] "GET /api/superadmin/dashboard/stats/ HTTP/1.1" 200 124
[16/Apr/2026 12:26:15] "GET /api/superadmin/dashboard/activity/?limit=10 HTTP/1.1" 200 2
[16/Apr/2026 12:26:15] "GET /api/superadmin/dashboard/stats/ HTTP/1.1" 200 124
[16/Apr/2026 12:26:28] "OPTIONS /api/superadmin/users/?search=&page_size=100 HTTP/1.1" 200 0
[16/Apr/2026 12:26:28] "OPTIONS /api/superadmin/users/?search=&page_size=100 HTTP/1.1" 200 0
[16/Apr/2026 12:26:28] "GET /api/superadmin/users/?search=&page_size=100 HTTP/1.1" 200 245
[16/Apr/2026 12:26:29] "GET /api/superadmin/users/?search=&page_size=100 HTTP/1.1" 200 245
[16/Apr/2026 12:26:40] "OPTIONS /api/control-plane/masters/ HTTP/1.1" 200 0
[16/Apr/2026 12:26:40] "OPTIONS /api/control-plane/tenants/ HTTP/1.1" 200 0
[16/Apr/2026 12:26:40] "OPTIONS /api/control-plane/tenants/ HTTP/1.1" 200 0
[16/Apr/2026 12:26:40] "OPTIONS /api/control-plane/masters/ HTTP/1.1" 200 0
[16/Apr/2026 12:26:40] "GET /api/control-plane/masters/ HTTP/1.1" 200 2
[16/Apr/2026 12:26:40] "GET /api/control-plane/tenants/ HTTP/1.1" 200 2
[16/Apr/2026 12:26:40] "GET /api/control-plane/tenants/ HTTP/1.1" 200 2
[16/Apr/2026 12:26:40] "GET /api/control-plane/masters/ HTTP/1.1" 200 2
[16/Apr/2026 12:29:20] "GET /api/control-plane/tenants/ HTTP/1.1" 200 2
[16/Apr/2026 12:29:20] "GET /api/control-plane/tenants/ HTTP/1.1" 200 2
[16/Apr/2026 12:29:31] "POST /api/control-plane/tenants/ HTTP/1.1" 201 204
[16/Apr/2026 12:29:31] "GET /api/control-plane/tenants/ HTTP/1.1" 200 206
[16/Apr/2026 12:29:32] "GET /api/control-plane/tenants/ HTTP/1.1" 200 206
[16/Apr/2026 12:29:32] "GET /api/control-plane/masters/ HTTP/1.1" 200 2
[16/Apr/2026 12:29:33] "GET /api/control-plane/tenants/ HTTP/1.1" 200 206
[16/Apr/2026 12:29:33] "GET /api/control-plane/masters/ HTTP/1.1" 200 2
[16/Apr/2026 12:30:03] "POST /api/control-plane/masters/ HTTP/1.1" 201 82
[16/Apr/2026 12:30:03] "GET /api/control-plane/tenants/ HTTP/1.1" 200 206
[16/Apr/2026 12:30:04] "GET /api/control-plane/masters/ HTTP/1.1" 200 231
[16/Apr/2026 12:31:03] "POST /api/auth/login/ HTTP/1.1" 200 821
[16/Apr/2026 12:31:04] "OPTIONS /api/auth/masteradmin/my-tenant/ HTTP/1.1" 200 0
[16/Apr/2026 12:31:04] "GET /api/auth/masteradmin/my-tenant/ HTTP/1.1" 200 57
[16/Apr/2026 12:31:04] "OPTIONS /api/auth/masteradmin/dashboard/stats/ HTTP/1.1" 200 0
[16/Apr/2026 12:31:04] "OPTIONS /api/auth/masteradmin/dashboard/stats/ HTTP/1.1" 200 0
[16/Apr/2026 12:31:04] "GET /api/auth/masteradmin/dashboard/stats/ HTTP/1.1" 200 78
[16/Apr/2026 12:31:04] "GET /api/auth/masteradmin/dashboard/stats/ HTTP/1.1" 200 78
[16/Apr/2026 12:31:17] "OPTIONS /api/auth/masteradmin/projects/ HTTP/1.1" 200 0
[16/Apr/2026 12:31:17] "OPTIONS /api/auth/masteradmin/projects/ HTTP/1.1" 200 0
[16/Apr/2026 12:31:17] "GET /api/auth/masteradmin/projects/ HTTP/1.1" 200 2
[16/Apr/2026 12:31:17] "GET /api/auth/masteradmin/projects/ HTTP/1.1" 200 2
[16/Apr/2026 12:31:23] "OPTIONS /api/auth/masteradmin/admin-users/ HTTP/1.1" 200 0
[16/Apr/2026 12:31:23] "OPTIONS /api/auth/masteradmin/admin-users/ HTTP/1.1" 200 0
[16/Apr/2026 12:31:23] "GET /api/auth/masteradmin/projects/ HTTP/1.1" 200 2
[16/Apr/2026 12:31:23] "GET /api/auth/masteradmin/admin-users/ HTTP/1.1" 200 2
[16/Apr/2026 12:31:23] "GET /api/auth/masteradmin/projects/ HTTP/1.1" 200 2
[16/Apr/2026 12:31:23] "GET /api/auth/masteradmin/admin-users/ HTTP/1.1" 200 2
[16/Apr/2026 12:31:33] "GET /api/auth/masteradmin/projects/ HTTP/1.1" 200 2
[16/Apr/2026 12:31:33] "GET /api/auth/masteradmin/projects/ HTTP/1.1" 200 2
[16/Apr/2026 12:32:49] "POST /api/auth/masteradmin/projects/ HTTP/1.1" 201 480
[16/Apr/2026 12:32:49] "GET /api/auth/masteradmin/projects/ HTTP/1.1" 200 517
[16/Apr/2026 12:33:04] "GET /api/auth/masteradmin/projects/ HTTP/1.1" 200 517
[16/Apr/2026 12:33:04] "GET /api/auth/masteradmin/admin-users/ HTTP/1.1" 200 2
[16/Apr/2026 12:33:04] "GET /api/auth/masteradmin/projects/ HTTP/1.1" 200 517
[16/Apr/2026 12:33:04] "GET /api/auth/masteradmin/admin-users/ HTTP/1.1" 200 2
[16/Apr/2026 12:35:05] "OPTIONS /api/auth/masteradmin/admin-users/create-project-admin/ HTTP/1.1" 200 0
[16/Apr/2026 12:35:06] "POST /api/auth/masteradmin/admin-users/create-project-admin/ HTTP/1.1" 201 163
[16/Apr/2026 12:35:06] "GET /api/auth/masteradmin/projects/ HTTP/1.1" 200 517
[16/Apr/2026 12:35:06] "GET /api/auth/masteradmin/admin-users/ HTTP/1.1" 200 300
[16/Apr/2026 12:35:11] "GET /api/auth/masteradmin/my-tenant/ HTTP/1.1" 200 57
[16/Apr/2026 12:35:12] "GET /api/auth/masteradmin/dashboard/stats/ HTTP/1.1" 200 78
[16/Apr/2026 12:35:12] "GET /api/auth/masteradmin/dashboard/stats/ HTTP/1.1" 200 78
Unauthorized: /api/auth/login/
[16/Apr/2026 12:35:37] "POST /api/auth/login/ HTTP/1.1" 401 77
Unauthorized: /api/auth/login/
[16/Apr/2026 12:35:47] "POST /api/auth/login/ HTTP/1.1" 401 77
[16/Apr/2026 12:37:24] "POST /api/auth/login/ HTTP/1.1" 200 869
Unauthorized: /api/auth/login/
[16/Apr/2026 12:38:25] "POST /api/auth/login/ HTTP/1.1" 401 77
Unauthorized: /api/auth/login/
[16/Apr/2026 12:38:27] "POST /api/auth/login/ HTTP/1.1" 401 77
[16/Apr/2026 12:38:38] "POST /api/auth/login/ HTTP/1.1" 200 821
[16/Apr/2026 12:38:39] "GET /api/auth/masteradmin/my-tenant/ HTTP/1.1" 200 57
[16/Apr/2026 12:38:39] "GET /api/auth/masteradmin/dashboard/stats/ HTTP/1.1" 200 78
[16/Apr/2026 12:38:39] "GET /api/auth/masteradmin/dashboard/stats/ HTTP/1.1" 200 78
[16/Apr/2026 12:40:20] "GET /api/auth/masteradmin/projects/ HTTP/1.1" 200 517
[16/Apr/2026 12:40:20] "GET /api/auth/masteradmin/projects/ HTTP/1.1" 200 517
[16/Apr/2026 12:40:36] "GET /api/auth/masteradmin/admin-users/ HTTP/1.1" 200 300
[16/Apr/2026 12:40:36] "GET /api/auth/masteradmin/projects/ HTTP/1.1" 200 517
[16/Apr/2026 12:40:36] "GET /api/auth/masteradmin/admin-users/ HTTP/1.1" 200 300
[16/Apr/2026 12:40:36] "GET /api/auth/masteradmin/projects/ HTTP/1.1" 200 517
[16/Apr/2026 12:41:20] "GET /api/auth/masteradmin/projects/ HTTP/1.1" 200 517
[16/Apr/2026 12:41:24] "GET /api/auth/masteradmin/projects/ HTTP/1.1" 200 517
[16/Apr/2026 12:41:24] "GET /api/auth/masteradmin/admin-users/ HTTP/1.1" 200 300
[16/Apr/2026 12:41:24] "GET /api/auth/masteradmin/admin-users/ HTTP/1.1" 200 300
[16/Apr/2026 12:41:24] "GET /api/auth/masteradmin/projects/ HTTP/1.1" 200 517
[16/Apr/2026 12:41:49] "OPTIONS /api/auth/masteradmin/users/3/reset-password/ HTTP/1.1" 200 0
[16/Apr/2026 12:41:49] "POST /api/auth/masteradmin/users/3/reset-password/ HTTP/1.1" 200 39
[16/Apr/2026 12:42:05] "GET /api/auth/masteradmin/my-tenant/ HTTP/1.1" 200 57
[16/Apr/2026 12:42:05] "GET /api/auth/masteradmin/projects/ HTTP/1.1" 200 517
[16/Apr/2026 12:42:05] "GET /api/auth/masteradmin/admin-users/ HTTP/1.1" 200 300
[16/Apr/2026 12:42:05] "GET /api/auth/masteradmin/projects/ HTTP/1.1" 200 517
[16/Apr/2026 12:42:05] "GET /api/auth/masteradmin/admin-users/ HTTP/1.1" 200 300
Unauthorized: /api/auth/login/
[16/Apr/2026 12:42:29] "POST /api/auth/login/ HTTP/1.1" 401 77
Unauthorized: /api/auth/login/
[16/Apr/2026 12:43:54] "POST /api/auth/login/ HTTP/1.1" 401 77
Forbidden: /api/auth/login/
[16/Apr/2026 12:44:03] "POST /api/auth/login/ HTTP/1.1" 403 147
Forbidden: /api/auth/login/
[16/Apr/2026 12:45:19] "POST /api/auth/login/ HTTP/1.1" 403 147
[16/Apr/2026 12:48:21] "POST /api/auth/login/ HTTP/1.1" 200 821
[16/Apr/2026 12:48:22] "GET /api/auth/masteradmin/my-tenant/ HTTP/1.1" 200 57
[16/Apr/2026 12:48:22] "GET /api/auth/masteradmin/dashboard/stats/ HTTP/1.1" 200 78
[16/Apr/2026 12:48:23] "GET /api/auth/masteradmin/dashboard/stats/ HTTP/1.1" 200 78
Forbidden: /api/auth/login/
[16/Apr/2026 12:48:43] "POST /api/auth/login/ HTTP/1.1" 403 147
[16/Apr/2026 12:49:22] "POST /api/auth/login/ HTTP/1.1" 200 869
[16/Apr/2026 12:50:06] "POST /api/auth/login/ HTTP/1.1" 200 869
[16/Apr/2026 12:50:07] "OPTIONS /api/system/tenant-services/ HTTP/1.1" 200 0
[16/Apr/2026 12:50:07] "OPTIONS /api/system/tenant-services/ HTTP/1.1" 200 0
[16/Apr/2026 12:50:07] "OPTIONS /api/auth/company/details/ HTTP/1.1" 200 0
[16/Apr/2026 12:50:07] "GET /api/system/tenant-services/ HTTP/1.1" 200 2
[16/Apr/2026 12:50:07] "GET /api/auth/company/details/ HTTP/1.1" 200 182
[16/Apr/2026 12:50:07] "GET /api/system/tenant-services/ HTTP/1.1" 200 2
[16/Apr/2026 12:50:13] "OPTIONS /api/ptw/permits/ HTTP/1.1" 200 0
[16/Apr/2026 12:50:13] "OPTIONS /api/ptw/permits/ HTTP/1.1" 200 0
Forbidden: /api/ptw/permits/
[16/Apr/2026 12:50:13] "GET /api/ptw/permits/ HTTP/1.1" 403 63
Forbidden: /api/ptw/permits/
[16/Apr/2026 12:50:13] "GET /api/ptw/permits/ HTTP/1.1" 403 63
[16/Apr/2026 12:50:16] "OPTIONS /api/ptw/permit-types/ HTTP/1.1" 200 0
[16/Apr/2026 12:50:16] "OPTIONS /api/ptw/permit-types/ HTTP/1.1" 200 0
[16/Apr/2026 12:50:17] "GET /api/ptw/permit-types/ HTTP/1.1" 200 2
[16/Apr/2026 12:50:17] "GET /api/ptw/permit-types/ HTTP/1.1" 200 2
[16/Apr/2026 13:11:18] "GET /api/auth/company/details/ HTTP/1.1" 200 182
[16/Apr/2026 13:11:18] "GET /api/system/tenant-services/ HTTP/1.1" 200 2
Forbidden: /api/ptw/permits/
[16/Apr/2026 13:11:18] "GET /api/ptw/permits/ HTTP/1.1" 403 63
[16/Apr/2026 13:11:18] "GET /api/system/tenant-services/ HTTP/1.1" 200 2
Forbidden: /api/ptw/permits/
[16/Apr/2026 13:11:18] "GET /api/ptw/permits/ HTTP/1.1" 403 63
[16/Apr/2026 13:11:22] "GET /api/ptw/permit-types/ HTTP/1.1" 200 18677
[16/Apr/2026 13:11:22] "GET /api/ptw/permit-types/ HTTP/1.1" 200 18677
[16/Apr/2026 13:11:43] "POST /api/auth/login/ HTTP/1.1" 200 869
[16/Apr/2026 13:12:25] "GET /api/ptw/permit-types/ HTTP/1.1" 200 18677
[16/Apr/2026 13:24:17] "GET /api/auth/company/details/ HTTP/1.1" 200 182
[16/Apr/2026 13:24:17] "GET /api/system/tenant-services/ HTTP/1.1" 200 2
Forbidden: /api/ptw/permits/
[16/Apr/2026 13:24:17] "GET /api/ptw/permits/ HTTP/1.1" 403 63
[16/Apr/2026 13:24:17] "GET /api/system/tenant-services/ HTTP/1.1" 200 2
Forbidden: /api/ptw/permits/
[16/Apr/2026 13:24:17] "GET /api/ptw/permits/ HTTP/1.1" 403 63
[16/Apr/2026 13:24:23] "GET /api/ptw/permit-types/ HTTP/1.1" 200 18677
[16/Apr/2026 13:24:23] "GET /api/ptw/permit-types/ HTTP/1.1" 200 18677
[16/Apr/2026 13:38:00] "GET /api/system/tenant-services/ HTTP/1.1" 200 2
[16/Apr/2026 13:38:00] "GET /api/auth/company/details/ HTTP/1.1" 200 182
Forbidden: /api/ptw/permits/
[16/Apr/2026 13:38:00] "GET /api/ptw/permits/ HTTP/1.1" 403 63
[16/Apr/2026 13:38:00] "GET /api/system/tenant-services/ HTTP/1.1" 200 2
Forbidden: /api/ptw/permits/
[16/Apr/2026 13:38:00] "GET /api/ptw/permits/ HTTP/1.1" 403 63
[16/Apr/2026 13:38:03] "GET /api/ptw/permit-types/ HTTP/1.1" 200 18677
[16/Apr/2026 13:38:03] "GET /api/ptw/permit-types/ HTTP/1.1" 200 18677
[16/Apr/2026 13:44:04] "GET /api/auth/company/details/ HTTP/1.1" 200 182
[16/Apr/2026 13:44:04] "GET /api/system/tenant-services/ HTTP/1.1" 200 2
Forbidden: /api/ptw/permits/
[16/Apr/2026 13:44:04] "GET /api/ptw/permits/ HTTP/1.1" 403 63
[16/Apr/2026 13:44:04] "GET /api/system/tenant-services/ HTTP/1.1" 200 2
Forbidden: /api/ptw/permits/
[16/Apr/2026 13:44:04] "GET /api/ptw/permits/ HTTP/1.1" 403 63
Unauthorized: /api/system/tenant-services/
Unauthorized: /api/auth/company/details/
[16/Apr/2026 13:51:43] "GET /api/system/tenant-services/ HTTP/1.1" 401 172
[16/Apr/2026 13:51:43] "GET /api/auth/company/details/ HTTP/1.1" 401 172
Unauthorized: /api/system/tenant-services/
[16/Apr/2026 13:51:43] "GET /api/system/tenant-services/ HTTP/1.1" 401 172
[16/Apr/2026 13:51:43] "OPTIONS /api/auth/token/refresh/ HTTP/1.1" 200 0
[16/Apr/2026 13:51:43] "OPTIONS /api/auth/token/refresh/ HTTP/1.1" 200 0
[16/Apr/2026 13:51:43] "OPTIONS /api/auth/token/refresh/ HTTP/1.1" 200 0
[16/Apr/2026 13:51:43] "POST /api/auth/token/refresh/ HTTP/1.1" 200 298
[16/Apr/2026 13:51:43] "POST /api/auth/token/refresh/ HTTP/1.1" 200 298
[16/Apr/2026 13:51:43] "POST /api/auth/token/refresh/ HTTP/1.1" 200 298
[16/Apr/2026 13:51:43] "GET /api/system/tenant-services/ HTTP/1.1" 200 2
[16/Apr/2026 13:51:43] "GET /api/auth/company/details/ HTTP/1.1" 200 182
[16/Apr/2026 13:51:43] "GET /api/system/tenant-services/ HTTP/1.1" 200 2
Forbidden: /api/ptw/permits/
[16/Apr/2026 13:51:43] "GET /api/ptw/permits/ HTTP/1.1" 403 63
Forbidden: /api/ptw/permits/
[16/Apr/2026 13:51:43] "GET /api/ptw/permits/ HTTP/1.1" 403 63
[16/Apr/2026 14:49:27] "GET /api/system/tenant-services/ HTTP/1.1" 200 2
[16/Apr/2026 14:49:27] "GET /api/auth/company/details/ HTTP/1.1" 200 182
Forbidden: /api/ptw/permits/
[16/Apr/2026 14:49:27] "GET /api/ptw/permits/ HTTP/1.1" 403 63
[16/Apr/2026 14:49:27] "GET /api/system/tenant-services/ HTTP/1.1" 200 2
Forbidden: /api/ptw/permits/
[16/Apr/2026 14:49:27] "GET /api/ptw/permits/ HTTP/1.1" 403 63
[16/Apr/2026 14:49:29] "GET /api/ptw/permit-types/ HTTP/1.1" 200 18677
[16/Apr/2026 14:49:29] "GET /api/ptw/permit-types/ HTTP/1.1" 200 18677
[16/Apr/2026 14:51:57] "OPTIONS /api/system/tenant-services/ HTTP/1.1" 200 0
[16/Apr/2026 14:51:57] "OPTIONS /api/system/tenant-services/ HTTP/1.1" 200 0
[16/Apr/2026 14:51:57] "OPTIONS /api/auth/company/details/ HTTP/1.1" 200 0
Unauthorized: /api/system/tenant-services/
Unauthorized: /api/auth/company/details/
[16/Apr/2026 14:51:57] "GET /api/system/tenant-services/ HTTP/1.1" 401 172
[16/Apr/2026 14:51:57] "GET /api/auth/company/details/ HTTP/1.1" 401 172
Unauthorized: /api/system/tenant-services/
[16/Apr/2026 14:51:57] "GET /api/system/tenant-services/ HTTP/1.1" 401 172
[16/Apr/2026 14:51:57] "POST /api/auth/token/refresh/ HTTP/1.1" 200 298
[16/Apr/2026 14:51:57] "POST /api/auth/token/refresh/ HTTP/1.1" 200 298
[16/Apr/2026 14:51:57] "POST /api/auth/token/refresh/ HTTP/1.1" 200 298
[16/Apr/2026 14:51:57] "GET /api/auth/company/details/ HTTP/1.1" 200 182
[16/Apr/2026 14:51:57] "GET /api/system/tenant-services/ HTTP/1.1" 200 2
[16/Apr/2026 14:51:57] "GET /api/system/tenant-services/ HTTP/1.1" 200 2
[16/Apr/2026 14:51:57] "OPTIONS /api/ptw/permits/ HTTP/1.1" 200 0
[16/Apr/2026 14:51:57] "OPTIONS /api/ptw/permits/ HTTP/1.1" 200 0
Forbidden: /api/ptw/permits/
[16/Apr/2026 14:51:57] "GET /api/ptw/permits/ HTTP/1.1" 403 63
Forbidden: /api/ptw/permits/
[16/Apr/2026 14:51:57] "GET /api/ptw/permits/ HTTP/1.1" 403 63
[16/Apr/2026 14:52:00] "OPTIONS /api/ptw/permit-types/ HTTP/1.1" 200 0
[16/Apr/2026 14:52:00] "OPTIONS /api/ptw/permit-types/ HTTP/1.1" 200 0
[16/Apr/2026 14:52:00] "GET /api/ptw/permit-types/ HTTP/1.1" 200 18677
[16/Apr/2026 14:52:00] "GET /api/ptw/permit-types/ HTTP/1.1" 200 18677
[16/Apr/2026 14:56:12] "GET /api/auth/company/details/ HTTP/1.1" 200 182
[16/Apr/2026 14:56:12] "GET /api/system/tenant-services/ HTTP/1.1" 200 2
Forbidden: /api/ptw/permits/
[16/Apr/2026 14:56:12] "GET /api/ptw/permits/ HTTP/1.1" 403 63
[16/Apr/2026 14:56:12] "GET /api/system/tenant-services/ HTTP/1.1" 200 2
Forbidden: /api/ptw/permits/
[16/Apr/2026 14:56:12] "GET /api/ptw/permits/ HTTP/1.1" 403 63
[16/Apr/2026 14:56:16] "GET /api/ptw/permit-types/ HTTP/1.1" 200 18677
[16/Apr/2026 14:56:16] "GET /api/ptw/permit-types/ HTTP/1.1" 200 18677
[16/Apr/2026 14:56:44] "GET /api/system/tenant-services/ HTTP/1.1" 200 2
[16/Apr/2026 14:56:44] "GET /api/auth/company/details/ HTTP/1.1" 200 182
[16/Apr/2026 14:56:44] "GET /api/system/tenant-services/ HTTP/1.1" 200 2
Forbidden: /api/ptw/permits/
[16/Apr/2026 14:56:44] "GET /api/ptw/permits/ HTTP/1.1" 403 63
Forbidden: /api/ptw/permits/
[16/Apr/2026 14:56:44] "GET /api/ptw/permits/ HTTP/1.1" 403 63
[16/Apr/2026 14:56:47] "OPTIONS /api/system/tenant-services/ HTTP/1.1" 200 0
[16/Apr/2026 14:56:47] "OPTIONS /api/auth/company/details/ HTTP/1.1" 200 0
[16/Apr/2026 14:56:47] "OPTIONS /api/system/tenant-services/ HTTP/1.1" 200 0
[16/Apr/2026 14:56:47] "GET /api/system/tenant-services/ HTTP/1.1" 200 2
[16/Apr/2026 14:56:47] "GET /api/auth/company/details/ HTTP/1.1" 200 182
[16/Apr/2026 14:56:47] "GET /api/system/tenant-services/ HTTP/1.1" 200 2
[16/Apr/2026 14:56:47] "OPTIONS /api/ptw/permits/ HTTP/1.1" 200 0
[16/Apr/2026 14:56:47] "OPTIONS /api/ptw/permits/ HTTP/1.1" 200 0
Forbidden: /api/ptw/permits/
Forbidden: /api/ptw/permits/
[16/Apr/2026 14:56:47] "GET /api/ptw/permits/ HTTP/1.1" 403 63
[16/Apr/2026 14:56:47] "GET /api/ptw/permits/ HTTP/1.1" 403 63
[16/Apr/2026 14:56:50] "GET /api/ptw/permit-types/ HTTP/1.1" 200 18677
[16/Apr/2026 14:56:50] "GET /api/ptw/permit-types/ HTTP/1.1" 200 18677
[16/Apr/2026 14:59:01] "OPTIONS /api/system/tenant-services/ HTTP/1.1" 200 0
[16/Apr/2026 14:59:01] "OPTIONS /api/system/tenant-services/ HTTP/1.1" 200 0
[16/Apr/2026 14:59:01] "OPTIONS /api/auth/company/details/ HTTP/1.1" 200 0
[16/Apr/2026 14:59:01] "GET /api/auth/company/details/ HTTP/1.1" 200 182
[16/Apr/2026 14:59:01] "GET /api/system/tenant-services/ HTTP/1.1" 200 2
[16/Apr/2026 14:59:01] "GET /api/system/tenant-services/ HTTP/1.1" 200 2
Forbidden: /api/ptw/permits/
[16/Apr/2026 14:59:01] "GET /api/ptw/permits/ HTTP/1.1" 403 63
Forbidden: /api/ptw/permits/
[16/Apr/2026 14:59:01] "GET /api/ptw/permits/ HTTP/1.1" 403 63
[16/Apr/2026 14:59:04] "GET /api/ptw/permit-types/ HTTP/1.1" 200 18677
[16/Apr/2026 14:59:04] "GET /api/ptw/permit-types/ HTTP/1.1" 200 18677
[16/Apr/2026 15:04:08] "OPTIONS /api/system/tenant-services/ HTTP/1.1" 200 0
[16/Apr/2026 15:04:08] "OPTIONS /api/system/tenant-services/ HTTP/1.1" 200 0
[16/Apr/2026 15:04:08] "OPTIONS /api/auth/company/details/ HTTP/1.1" 200 0
Forbidden: /api/ptw/permits/
[16/Apr/2026 15:04:08] "GET /api/ptw/permits/ HTTP/1.1" 403 63
[16/Apr/2026 15:04:08] "GET /api/system/tenant-services/ HTTP/1.1" 200 2
[16/Apr/2026 15:04:08] "GET /api/system/tenant-services/ HTTP/1.1" 200 2
[16/Apr/2026 15:04:08] "GET /api/auth/company/details/ HTTP/1.1" 200 182
Forbidden: /api/ptw/permits/
[16/Apr/2026 15:04:08] "GET /api/ptw/permits/ HTTP/1.1" 403 63
[16/Apr/2026 15:04:13] "OPTIONS /api/auth/login/ HTTP/1.1" 200 0
[16/Apr/2026 15:04:13] "POST /api/auth/login/ HTTP/1.1" 200 869
[16/Apr/2026 15:04:14] "GET /api/auth/company/details/ HTTP/1.1" 200 182
[16/Apr/2026 15:04:14] "GET /api/system/tenant-services/ HTTP/1.1" 200 2
[16/Apr/2026 15:04:14] "GET /api/system/tenant-services/ HTTP/1.1" 200 2
Forbidden: /api/ptw/permits/
[16/Apr/2026 15:04:24] "GET /api/ptw/permits/ HTTP/1.1" 403 63
Forbidden: /api/ptw/permits/
[16/Apr/2026 15:04:24] "GET /api/ptw/permits/ HTTP/1.1" 403 63
[16/Apr/2026 15:04:26] "GET /api/ptw/permit-types/ HTTP/1.1" 200 18677
[16/Apr/2026 15:04:26] "GET /api/ptw/permit-types/ HTTP/1.1" 200 18677
C:\Users\Sethupathi\Downloads\Athens 2.0 (5)\Athens 2.0\backend\ptw\serializers.py changed, reloading.
Performing system checks...

System check identified no issues (0 silenced).
April 16, 2026 - 12:09:34
Django version 5.1.4, using settings 'athens2.settings'
Starting development server at http://0.0.0.0:8004/
Quit the server with CTRL-BREAK.

Watching for file changes with StatReloader
C:\Users\Sethupathi\Downloads\Athens 2.0 (5)\Athens 2.0\backend\ptw\urls.py changed, reloading.
Performing system checks...

System check identified no issues (0 silenced).

You have 1 unapplied migration(s). Your project may not work properly until you apply the migrations for app(s): ptw.
Run 'python manage.py migrate' to apply them.
April 16, 2026 - 15:45:10
Django version 5.1.4, using settings 'athens2.settings'
Starting development server at http://0.0.0.0:8004/
Quit the server with CTRL-BREAK.

Watching for file changes with StatReloader
[16/Apr/2026 17:26:54] "OPTIONS /api/system/tenant-services/ HTTP/1.1" 200 0
[16/Apr/2026 17:26:54] "OPTIONS /api/system/tenant-services/ HTTP/1.1" 200 0
[16/Apr/2026 17:26:54] "OPTIONS /api/auth/company/details/ HTTP/1.1" 200 0
[16/Apr/2026 17:26:54] "GET /api/auth/company/details/ HTTP/1.1" 200 156
[16/Apr/2026 17:26:54] "GET /api/system/tenant-services/ HTTP/1.1" 200 2
[16/Apr/2026 17:26:54] "GET /api/system/tenant-services/ HTTP/1.1" 200 2
[16/Apr/2026 17:27:26] "OPTIONS /api/ptw/permits/ HTTP/1.1" 200 0
[16/Apr/2026 17:27:26] "OPTIONS /api/ptw/permits/ HTTP/1.1" 200 0
[16/Apr/2026 17:27:26] "GET /api/ptw/permits/ HTTP/1.1" 200 2
[16/Apr/2026 17:27:26] "GET /api/ptw/permits/ HTTP/1.1" 200 2
[16/Apr/2026 17:27:34] "OPTIONS /api/ptw/permit-types/ HTTP/1.1" 200 0
[16/Apr/2026 17:27:34] "OPTIONS /api/ptw/permit-types/ HTTP/1.1" 200 0
[16/Apr/2026 17:27:34] "GET /api/ptw/permit-types/ HTTP/1.1" 200 18677
[16/Apr/2026 17:27:34] "GET /api/ptw/permit-types/ HTTP/1.1" 200 18677
[16/Apr/2026 17:39:14] "OPTIONS /api/auth/company/details/ HTTP/1.1" 200 0
[16/Apr/2026 17:39:14] "OPTIONS /api/system/tenant-services/ HTTP/1.1" 200 0
[16/Apr/2026 17:39:14] "OPTIONS /api/system/tenant-services/ HTTP/1.1" 200 0
[16/Apr/2026 17:39:14] "GET /api/ptw/permits/ HTTP/1.1" 200 2
[16/Apr/2026 17:39:14] "GET /api/auth/company/details/ HTTP/1.1" 200 156
[16/Apr/2026 17:39:14] "GET /api/system/tenant-services/ HTTP/1.1" 200 2
[16/Apr/2026 17:39:14] "GET /api/system/tenant-services/ HTTP/1.1" 200 2
[16/Apr/2026 17:39:14] "GET /api/ptw/permits/ HTTP/1.1" 200 2
[16/Apr/2026 17:39:17] "GET /api/ptw/permit-types/ HTTP/1.1" 200 18677
[16/Apr/2026 17:39:17] "GET /api/ptw/permit-types/ HTTP/1.1" 200 18677
[16/Apr/2026 17:44:50] "OPTIONS /api/system/tenant-services/ HTTP/1.1" 200 0
[16/Apr/2026 17:44:50] "OPTIONS /api/system/tenant-services/ HTTP/1.1" 200 0
[16/Apr/2026 17:44:50] "OPTIONS /api/auth/company/details/ HTTP/1.1" 200 0
[16/Apr/2026 17:44:50] "GET /api/ptw/permits/ HTTP/1.1" 200 2
[16/Apr/2026 17:44:50] "GET /api/system/tenant-services/ HTTP/1.1" 200 2
[16/Apr/2026 17:44:50] "GET /api/system/tenant-services/ HTTP/1.1" 200 2
[16/Apr/2026 17:44:50] "GET /api/auth/company/details/ HTTP/1.1" 200 156
[16/Apr/2026 17:44:50] "GET /api/ptw/permits/ HTTP/1.1" 200 2
[16/Apr/2026 17:44:52] "GET /api/ptw/permit-types/ HTTP/1.1" 200 18677
[16/Apr/2026 17:44:52] "GET /api/ptw/permit-types/ HTTP/1.1" 200 18677
[16/Apr/2026 17:47:16] "GET /api/system/tenant-services/ HTTP/1.1" 200 2
[16/Apr/2026 17:47:16] "GET /api/auth/company/details/ HTTP/1.1" 200 156
[16/Apr/2026 17:47:16] "GET /api/system/tenant-services/ HTTP/1.1" 200 2
[16/Apr/2026 17:47:17] "GET /api/ptw/permits/ HTTP/1.1" 200 2
[16/Apr/2026 17:47:17] "GET /api/ptw/permits/ HTTP/1.1" 200 2
[16/Apr/2026 17:55:31] "GET /api/auth/company/details/ HTTP/1.1" 200 156
[16/Apr/2026 17:55:31] "GET /api/system/tenant-services/ HTTP/1.1" 200 2
[16/Apr/2026 17:55:31] "GET /api/ptw/permits/ HTTP/1.1" 200 2
[16/Apr/2026 17:55:31] "GET /api/system/tenant-services/ HTTP/1.1" 200 2
[16/Apr/2026 17:55:31] "GET /api/ptw/permits/ HTTP/1.1" 200 2
[16/Apr/2026 18:01:25] "GET /api/auth/company/details/ HTTP/1.1" 200 156
[16/Apr/2026 18:01:25] "GET /api/system/tenant-services/ HTTP/1.1" 200 2
[16/Apr/2026 18:01:25] "GET /api/ptw/permits/ HTTP/1.1" 200 2
[16/Apr/2026 18:01:25] "GET /api/system/tenant-services/ HTTP/1.1" 200 2
[16/Apr/2026 18:01:25] "GET /api/ptw/permits/ HTTP/1.1" 200 2
[16/Apr/2026 18:01:40] "GET /api/ptw/permit-types/ HTTP/1.1" 200 18677
[16/Apr/2026 18:01:40] "GET /api/ptw/permit-types/ HTTP/1.1" 200 18677
[16/Apr/2026 18:01:54] "OPTIONS /api/ptw/permit-types/23/resolved-template/ HTTP/1.1" 200 0
[16/Apr/2026 18:01:54] "GET /api/ptw/permit-types/23/resolved-template/ HTTP/1.1" 200 2691
[16/Apr/2026 18:02:52] "GET /api/system/tenant-services/ HTTP/1.1" 200 2
[16/Apr/2026 18:02:52] "GET /api/auth/company/details/ HTTP/1.1" 200 156
[16/Apr/2026 18:02:52] "GET /api/system/tenant-services/ HTTP/1.1" 200 2
[16/Apr/2026 18:02:52] "GET /api/ptw/permits/ HTTP/1.1" 200 2
[16/Apr/2026 18:02:52] "GET /api/ptw/permits/ HTTP/1.1" 200 2
[16/Apr/2026 18:02:56] "GET /api/ptw/permit-types/ HTTP/1.1" 200 18677
[16/Apr/2026 18:02:56] "GET /api/ptw/permit-types/ HTTP/1.1" 200 18677
[16/Apr/2026 18:07:36] "OPTIONS /api/system/tenant-services/ HTTP/1.1" 200 0
[16/Apr/2026 18:07:36] "OPTIONS /api/system/tenant-services/ HTTP/1.1" 200 0
[16/Apr/2026 18:07:36] "OPTIONS /api/ptw/permits/ HTTP/1.1" 200 0
[16/Apr/2026 18:07:36] "OPTIONS /api/auth/company/details/ HTTP/1.1" 200 0
[16/Apr/2026 18:07:36] "OPTIONS /api/ptw/permits/ HTTP/1.1" 200 0
[16/Apr/2026 18:07:36] "GET /api/system/tenant-services/ HTTP/1.1" 200 2
[16/Apr/2026 18:07:36] "GET /api/ptw/permits/ HTTP/1.1" 200 2
[16/Apr/2026 18:07:36] "GET /api/system/tenant-services/ HTTP/1.1" 200 2
[16/Apr/2026 18:07:36] "GET /api/ptw/permits/ HTTP/1.1" 200 2
[16/Apr/2026 18:07:36] "GET /api/auth/company/details/ HTTP/1.1" 200 156
[16/Apr/2026 18:07:41] "GET /api/ptw/permit-types/ HTTP/1.1" 200 18677
[16/Apr/2026 18:07:41] "GET /api/ptw/permit-types/ HTTP/1.1" 200 18677
[16/Apr/2026 18:07:48] "OPTIONS /api/auth/login/ HTTP/1.1" 200 0
[16/Apr/2026 18:07:49] "POST /api/auth/login/ HTTP/1.1" 200 869
[16/Apr/2026 18:07:50] "GET /api/auth/company/details/ HTTP/1.1" 200 182
[16/Apr/2026 18:07:50] "GET /api/system/tenant-services/ HTTP/1.1" 200 2
[16/Apr/2026 18:07:50] "GET /api/system/tenant-services/ HTTP/1.1" 200 2
Forbidden: /api/ptw/permits/
[16/Apr/2026 18:08:03] "GET /api/ptw/permits/ HTTP/1.1" 403 63
Forbidden: /api/ptw/permits/
[16/Apr/2026 18:08:03] "GET /api/ptw/permits/ HTTP/1.1" 403 63
[16/Apr/2026 18:08:05] "GET /api/ptw/permit-types/ HTTP/1.1" 200 18677
[16/Apr/2026 18:08:05] "GET /api/ptw/permit-types/ HTTP/1.1" 200 18677
[16/Apr/2026 18:10:30] "GET /api/ptw/permit-types/ HTTP/1.1" 200 18677
[16/Apr/2026 18:20:26] "OPTIONS /api/system/tenant-services/ HTTP/1.1" 200 0
[16/Apr/2026 18:20:26] "OPTIONS /api/system/tenant-services/ HTTP/1.1" 200 0
[16/Apr/2026 18:20:26] "OPTIONS /api/auth/company/details/ HTTP/1.1" 200 0
[16/Apr/2026 18:20:26] "OPTIONS /api/ptw/permits/ HTTP/1.1" 200 0
[16/Apr/2026 18:20:26] "OPTIONS /api/ptw/permits/ HTTP/1.1" 200 0
[16/Apr/2026 18:20:26] "GET /api/system/tenant-services/ HTTP/1.1" 200 2
[16/Apr/2026 18:20:26] "GET /api/auth/company/details/ HTTP/1.1" 200 182
[16/Apr/2026 18:20:26] "GET /api/system/tenant-services/ HTTP/1.1" 200 2
Forbidden: /api/ptw/permits/
[16/Apr/2026 18:20:26] "GET /api/ptw/permits/ HTTP/1.1" 403 63
Forbidden: /api/ptw/permits/
[16/Apr/2026 18:20:26] "GET /api/ptw/permits/ HTTP/1.1" 403 63
[16/Apr/2026 18:20:28] "GET /api/ptw/permit-types/ HTTP/1.1" 200 18677
[16/Apr/2026 18:20:28] "GET /api/ptw/permit-types/ HTTP/1.1" 200 18677
[16/Apr/2026 18:21:29] "GET /api/ptw/permit-types/ HTTP/1.1" 200 18677
[16/Apr/2026 18:27:36] "OPTIONS /api/system/tenant-services/ HTTP/1.1" 200 0
[16/Apr/2026 18:27:36] "OPTIONS /api/system/tenant-services/ HTTP/1.1" 200 0
[16/Apr/2026 18:27:36] "OPTIONS /api/auth/company/details/ HTTP/1.1" 200 0
Forbidden: /api/ptw/permits/
[16/Apr/2026 18:27:36] "GET /api/ptw/permits/ HTTP/1.1" 403 63
[16/Apr/2026 18:27:36] "GET /api/system/tenant-services/ HTTP/1.1" 200 2
[16/Apr/2026 18:27:36] "GET /api/auth/company/details/ HTTP/1.1" 200 182
Forbidden: /api/ptw/permits/
[16/Apr/2026 18:27:36] "GET /api/ptw/permits/ HTTP/1.1" 403 63
[16/Apr/2026 18:27:36] "GET /api/system/tenant-services/ HTTP/1.1" 200 2
[16/Apr/2026 18:27:40] "GET /api/ptw/permit-types/ HTTP/1.1" 200 18677
[16/Apr/2026 18:27:40] "GET /api/ptw/permit-types/ HTTP/1.1" 200 18677
[16/Apr/2026 18:28:37] "GET /api/system/tenant-services/ HTTP/1.1" 200 2
[16/Apr/2026 18:28:37] "GET /api/auth/company/details/ HTTP/1.1" 200 182
[16/Apr/2026 18:28:37] "GET /api/system/tenant-services/ HTTP/1.1" 200 2
[16/Apr/2026 18:28:51] "GET /api/system/tenant-services/ HTTP/1.1" 200 2
[16/Apr/2026 18:28:51] "GET /api/auth/company/details/ HTTP/1.1" 200 182
[16/Apr/2026 18:28:51] "GET /api/system/tenant-services/ HTTP/1.1" 200 2
[16/Apr/2026 18:29:21] "GET /api/auth/company/details/ HTTP/1.1" 200 182
[16/Apr/2026 18:29:21] "GET /api/system/tenant-services/ HTTP/1.1" 200 2
[16/Apr/2026 18:29:21] "GET /api/system/tenant-services/ HTTP/1.1" 200 2
[16/Apr/2026 18:29:44] "GET /api/auth/company/details/ HTTP/1.1" 200 182
[16/Apr/2026 18:29:44] "GET /api/system/tenant-services/ HTTP/1.1" 200 2
[16/Apr/2026 18:29:44] "GET /api/system/tenant-services/ HTTP/1.1" 200 2
[16/Apr/2026 18:30:29] "GET /api/auth/company/details/ HTTP/1.1" 200 182
[16/Apr/2026 18:30:29] "GET /api/system/tenant-services/ HTTP/1.1" 200 2
[16/Apr/2026 18:30:29] "GET /api/system/tenant-services/ HTTP/1.1" 200 2
[16/Apr/2026 18:32:46] "GET /api/system/tenant-services/ HTTP/1.1" 200 2
[16/Apr/2026 18:32:46] "GET /api/auth/company/details/ HTTP/1.1" 200 182
[16/Apr/2026 18:32:46] "GET /api/auth/company/details/ HTTP/1.1" 200 182
[16/Apr/2026 18:32:46] "GET /api/system/tenant-services/ HTTP/1.1" 200 2
[16/Apr/2026 18:32:46] "GET /api/auth/company/details/ HTTP/1.1" 200 182
[16/Apr/2026 18:32:50] "GET /api/auth/company/details/ HTTP/1.1" 200 182
[16/Apr/2026 18:32:50] "GET /api/system/tenant-services/ HTTP/1.1" 200 2
[16/Apr/2026 18:32:51] "GET /api/system/tenant-services/ HTTP/1.1" 200 2
[16/Apr/2026 18:33:06] "GET /api/auth/company/details/ HTTP/1.1" 200 182
[16/Apr/2026 18:33:06] "GET /api/system/tenant-services/ HTTP/1.1" 200 2
[16/Apr/2026 18:33:06] "GET /api/system/tenant-services/ HTTP/1.1" 200 2
[16/Apr/2026 18:36:57] "GET /api/auth/company/details/ HTTP/1.1" 200 182
[16/Apr/2026 18:36:57] "GET /api/system/tenant-services/ HTTP/1.1" 200 2
[16/Apr/2026 18:36:57] "GET /api/system/tenant-services/ HTTP/1.1" 200 2
[16/Apr/2026 18:37:01] "GET /api/auth/company/details/ HTTP/1.1" 200 182
[16/Apr/2026 18:37:01] "GET /api/system/tenant-services/ HTTP/1.1" 200 2
[16/Apr/2026 18:37:01] "GET /api/system/tenant-services/ HTTP/1.1" 200 2
Forbidden: /api/ptw/permits/
[16/Apr/2026 18:37:03] "GET /api/ptw/permits/ HTTP/1.1" 403 63
Forbidden: /api/ptw/permits/
[16/Apr/2026 18:37:03] "GET /api/ptw/permits/ HTTP/1.1" 403 63
[16/Apr/2026 18:38:10] "GET /api/auth/company/details/ HTTP/1.1" 200 182
[16/Apr/2026 18:38:10] "GET /api/system/tenant-services/ HTTP/1.1" 200 2
[16/Apr/2026 18:38:10] "GET /api/system/tenant-services/ HTTP/1.1" 200 2
Forbidden: /api/ptw/permits/
[16/Apr/2026 18:38:10] "GET /api/ptw/permits/ HTTP/1.1" 403 63
Forbidden: /api/ptw/permits/
[16/Apr/2026 18:38:10] "GET /api/ptw/permits/ HTTP/1.1" 403 63
[16/Apr/2026 18:38:42] "GET /api/auth/company/details/ HTTP/1.1" 200 182
[16/Apr/2026 18:38:42] "GET /api/system/tenant-services/ HTTP/1.1" 200 2
[16/Apr/2026 18:38:42] "GET /api/system/tenant-services/ HTTP/1.1" 200 2
Forbidden: /api/ptw/permits/
[16/Apr/2026 18:38:42] "GET /api/ptw/permits/ HTTP/1.1" 403 63
Forbidden: /api/ptw/permits/
[16/Apr/2026 18:38:42] "GET /api/ptw/permits/ HTTP/1.1" 403 63
[16/Apr/2026 18:38:47] "GET /api/auth/company/details/ HTTP/1.1" 200 182
[16/Apr/2026 18:38:48] "GET /api/system/tenant-services/ HTTP/1.1" 200 2
[16/Apr/2026 18:38:48] "GET /api/system/tenant-services/ HTTP/1.1" 200 2
[16/Apr/2026 18:38:53] "GET /api/auth/company/details/ HTTP/1.1" 200 182
[16/Apr/2026 18:38:53] "GET /api/system/tenant-services/ HTTP/1.1" 200 2
[16/Apr/2026 18:38:53] "GET /api/system/tenant-services/ HTTP/1.1" 200 2
Forbidden: /api/ptw/permits/
[16/Apr/2026 18:38:54] "GET /api/ptw/permits/ HTTP/1.1" 403 63
Forbidden: /api/ptw/permits/
[16/Apr/2026 18:38:54] "GET /api/ptw/permits/ HTTP/1.1" 403 63
[16/Apr/2026 18:38:59] "POST /api/auth/login/ HTTP/1.1" 200 869
[16/Apr/2026 18:39:00] "GET /api/auth/company/details/ HTTP/1.1" 200 182
[16/Apr/2026 18:39:00] "GET /api/system/tenant-services/ HTTP/1.1" 200 2
[16/Apr/2026 18:39:00] "GET /api/system/tenant-services/ HTTP/1.1" 200 2
[16/Apr/2026 18:42:10] "GET /api/auth/company/details/ HTTP/1.1" 200 182
[16/Apr/2026 18:42:10] "GET /api/system/tenant-services/ HTTP/1.1" 200 2
[16/Apr/2026 18:42:10] "GET /api/system/tenant-services/ HTTP/1.1" 200 2
[16/Apr/2026 18:42:14] "GET /api/auth/company/details/ HTTP/1.1" 200 182
[16/Apr/2026 18:42:14] "GET /api/system/tenant-services/ HTTP/1.1" 200 2
[16/Apr/2026 18:42:14] "GET /api/system/tenant-services/ HTTP/1.1" 200 2
[16/Apr/2026 18:42:18] "POST /api/auth/login/ HTTP/1.1" 200 869
[16/Apr/2026 18:42:19] "GET /api/auth/company/details/ HTTP/1.1" 200 182
[16/Apr/2026 18:42:19] "GET /api/system/tenant-services/ HTTP/1.1" 200 2
[16/Apr/2026 18:42:19] "GET /api/system/tenant-services/ HTTP/1.1" 200 2
[16/Apr/2026 18:42:27] "GET /api/system/tenant-services/ HTTP/1.1" 200 2
[16/Apr/2026 18:42:27] "GET /api/auth/company/details/ HTTP/1.1" 200 182
[16/Apr/2026 18:42:27] "GET /api/system/tenant-services/ HTTP/1.1" 200 2
[16/Apr/2026 18:42:31] "GET /api/auth/company/details/ HTTP/1.1" 200 182
[16/Apr/2026 18:42:31] "GET /api/system/tenant-services/ HTTP/1.1" 200 2
[16/Apr/2026 18:42:31] "GET /api/system/tenant-services/ HTTP/1.1" 200 2
[16/Apr/2026 18:42:33] "OPTIONS /api/safety-observation/ HTTP/1.1" 200 0
[16/Apr/2026 18:42:33] "OPTIONS /api/safety-observation/ HTTP/1.1" 200 0
[16/Apr/2026 18:42:33] "GET /api/safety-observation/ HTTP/1.1" 200 2
[16/Apr/2026 18:42:33] "GET /api/safety-observation/ HTTP/1.1" 200 2
[16/Apr/2026 18:43:12] "OPTIONS /api/safety-observation/project-users/ HTTP/1.1" 200 0
[16/Apr/2026 18:43:12] "OPTIONS /api/safety-observation/project-users/ HTTP/1.1" 200 0
[16/Apr/2026 18:43:12] "GET /api/safety-observation/project-users/ HTTP/1.1" 200 150
[16/Apr/2026 18:43:12] "GET /api/safety-observation/project-users/ HTTP/1.1" 200 150
[16/Apr/2026 18:49:15] "GET /api/auth/company/details/ HTTP/1.1" 200 182
[16/Apr/2026 18:49:15] "GET /api/system/tenant-services/ HTTP/1.1" 200 2
[16/Apr/2026 18:49:15] "GET /api/system/tenant-services/ HTTP/1.1" 200 2
[16/Apr/2026 18:49:33] "GET /api/system/tenant-services/ HTTP/1.1" 200 2
[16/Apr/2026 18:49:33] "GET /api/auth/company/details/ HTTP/1.1" 200 182
[16/Apr/2026 18:49:33] "GET /api/system/tenant-services/ HTTP/1.1" 200 2
[16/Apr/2026 18:49:33] "GET /api/safety-observation/ HTTP/1.1" 200 2
[16/Apr/2026 18:49:33] "GET /api/safety-observation/ HTTP/1.1" 200 2
Forbidden: /api/ptw/permits/
[16/Apr/2026 18:50:39] "GET /api/ptw/permits/ HTTP/1.1" 403 63
Forbidden: /api/ptw/permits/
[16/Apr/2026 18:50:39] "GET /api/ptw/permits/ HTTP/1.1" 403 63
[16/Apr/2026 18:53:31] "OPTIONS /api/ptw/permits/?page=1&page_size=20 HTTP/1.1" 200 0
[16/Apr/2026 18:53:31] "OPTIONS /api/ptw/permits/?page=1&page_size=20 HTTP/1.1" 200 0
Forbidden: /api/ptw/permits/
[16/Apr/2026 18:53:31] "GET /api/ptw/permits/?page=1&page_size=20 HTTP/1.1" 403 63
Forbidden: /api/ptw/permits/
[16/Apr/2026 18:53:31] "GET /api/ptw/permits/?page=1&page_size=20 HTTP/1.1" 403 63
[16/Apr/2026 18:53:34] "GET /api/ptw/permit-types/ HTTP/1.1" 200 18677
[16/Apr/2026 18:53:34] "GET /api/ptw/permit-types/ HTTP/1.1" 200 18677
[16/Apr/2026 18:59:34] "GET /api/safety-observation/ HTTP/1.1" 200 2
[16/Apr/2026 18:59:34] "GET /api/safety-observation/ HTTP/1.1" 200 2
[16/Apr/2026 18:59:50] "GET /api/safety-observation/project-users/ HTTP/1.1" 200 150
[16/Apr/2026 18:59:50] "GET /api/safety-observation/project-users/ HTTP/1.1" 200 150
[16/Apr/2026 19:00:00] "GET /api/auth/company/details/ HTTP/1.1" 200 182
[16/Apr/2026 19:00:00] "GET /api/system/tenant-services/ HTTP/1.1" 200 2
[16/Apr/2026 19:00:00] "GET /api/auth/company/details/ HTTP/1.1" 200 182
[16/Apr/2026 19:00:00] "GET /api/system/tenant-services/ HTTP/1.1" 200 2
[16/Apr/2026 19:00:00] "GET /api/safety-observation/ HTTP/1.1" 200 2
[16/Apr/2026 19:00:00] "GET /api/safety-observation/ HTTP/1.1" 200 2
[16/Apr/2026 19:00:00] "GET /api/system/tenant-services/ HTTP/1.1" 200 2
[16/Apr/2026 19:00:00] "GET /api/system/tenant-services/ HTTP/1.1" 200 2
[16/Apr/2026 19:00:20] "GET /api/safety-observation/project-users/ HTTP/1.1" 200 150
[16/Apr/2026 19:00:20] "GET /api/safety-observation/project-users/ HTTP/1.1" 200 150
Unauthorized: /api/system/tenant-services/
Unauthorized: /api/auth/company/details/
[16/Apr/2026 19:52:42] "GET /api/system/tenant-services/ HTTP/1.1" 401 172
[16/Apr/2026 19:52:42] "GET /api/auth/company/details/ HTTP/1.1" 401 172
Unauthorized: /api/safety-observation/
Unauthorized: /api/system/tenant-services/
[16/Apr/2026 19:52:42] "GET /api/safety-observation/ HTTP/1.1" 401 172
[16/Apr/2026 19:52:42] "GET /api/system/tenant-services/ HTTP/1.1" 401 172
[16/Apr/2026 19:52:42] "OPTIONS /api/auth/token/refresh/ HTTP/1.1" 200 0
[16/Apr/2026 19:52:42] "OPTIONS /api/auth/token/refresh/ HTTP/1.1" 200 0
Unauthorized: /api/safety-observation/
[16/Apr/2026 19:52:42] "GET /api/safety-observation/ HTTP/1.1" 401 172
[16/Apr/2026 19:52:42] "OPTIONS /api/auth/token/refresh/ HTTP/1.1" 200 0
[16/Apr/2026 19:52:43] "POST /api/auth/token/refresh/ HTTP/1.1" 200 298
[16/Apr/2026 19:52:43] "POST /api/auth/token/refresh/ HTTP/1.1" 200 298
[16/Apr/2026 19:52:43] "POST /api/auth/token/refresh/ HTTP/1.1" 200 298
[16/Apr/2026 19:52:43] "POST /api/auth/token/refresh/ HTTP/1.1" 200 298
[16/Apr/2026 19:52:43] "POST /api/auth/token/refresh/ HTTP/1.1" 200 298
[16/Apr/2026 19:52:43] "GET /api/system/tenant-services/ HTTP/1.1" 200 2
[16/Apr/2026 19:52:43] "GET /api/auth/company/details/ HTTP/1.1" 200 182
[16/Apr/2026 19:52:43] "GET /api/safety-observation/ HTTP/1.1" 200 2
[16/Apr/2026 19:52:43] "GET /api/system/tenant-services/ HTTP/1.1" 200 2
[16/Apr/2026 19:52:43] "GET /api/safety-observation/ HTTP/1.1" 200 2
[16/Apr/2026 19:53:24] "GET /api/safety-observation/project-users/ HTTP/1.1" 200 150
[16/Apr/2026 19:53:24] "GET /api/safety-observation/project-users/ HTTP/1.1" 200 150
[16/Apr/2026 19:59:54] "GET /api/safety-observation/project-users/ HTTP/1.1" 200 150
[16/Apr/2026 20:03:04] "GET /api/safety-observation/project-users/ HTTP/1.1" 200 150
Unauthorized: /api/system/tenant-services/
Unauthorized: /api/auth/company/details/
[16/Apr/2026 20:08:41] "GET /api/system/tenant-services/ HTTP/1.1" 401 172
[16/Apr/2026 20:08:41] "GET /api/auth/company/details/ HTTP/1.1" 401 172
Unauthorized: /api/system/tenant-services/
[16/Apr/2026 20:08:41] "GET /api/system/tenant-services/ HTTP/1.1" 401 172
[16/Apr/2026 20:08:41] "POST /api/auth/token/refresh/ HTTP/1.1" 200 298
[16/Apr/2026 20:08:41] "POST /api/auth/token/refresh/ HTTP/1.1" 200 298
[16/Apr/2026 20:08:41] "POST /api/auth/token/refresh/ HTTP/1.1" 200 298
[16/Apr/2026 20:08:41] "GET /api/system/tenant-services/ HTTP/1.1" 200 2
[16/Apr/2026 20:08:41] "GET /api/auth/company/details/ HTTP/1.1" 200 182
[16/Apr/2026 20:08:41] "GET /api/system/tenant-services/ HTTP/1.1" 200 2
[16/Apr/2026 20:09:31] "OPTIONS /api/auth/login/ HTTP/1.1" 200 0
[16/Apr/2026 20:09:32] "POST /api/auth/login/ HTTP/1.1" 200 821
[16/Apr/2026 20:09:33] "OPTIONS /api/auth/masteradmin/my-tenant/ HTTP/1.1" 200 0
[16/Apr/2026 20:09:33] "GET /api/auth/masteradmin/my-tenant/ HTTP/1.1" 200 57
[16/Apr/2026 20:09:33] "OPTIONS /api/auth/masteradmin/dashboard/stats/ HTTP/1.1" 200 0
[16/Apr/2026 20:09:33] "OPTIONS /api/auth/masteradmin/dashboard/stats/ HTTP/1.1" 200 0
[16/Apr/2026 20:09:33] "GET /api/auth/masteradmin/dashboard/stats/ HTTP/1.1" 200 78
[16/Apr/2026 20:09:33] "GET /api/auth/masteradmin/dashboard/stats/ HTTP/1.1" 200 78
[16/Apr/2026 20:09:53] "POST /api/auth/login/ HTTP/1.1" 200 839
[16/Apr/2026 20:09:54] "OPTIONS /api/superadmin/dashboard/stats/ HTTP/1.1" 200 0
[16/Apr/2026 20:09:54] "OPTIONS /api/superadmin/dashboard/activity/?limit=10 HTTP/1.1" 200 0
[16/Apr/2026 20:09:54] "OPTIONS /api/superadmin/dashboard/activity/?limit=10 HTTP/1.1" 200 0
[16/Apr/2026 20:09:54] "GET /api/superadmin/dashboard/activity/?limit=10 HTTP/1.1" 200 2
[16/Apr/2026 20:09:54] "GET /api/superadmin/dashboard/stats/ HTTP/1.1" 200 124
[16/Apr/2026 20:09:54] "GET /api/superadmin/dashboard/activity/?limit=10 HTTP/1.1" 200 2
[16/Apr/2026 20:09:54] "GET /api/superadmin/dashboard/stats/ HTTP/1.1" 200 124
